<?xml version="1.0" encoding="UTF-8"?>
<!-- Generated by org.testng.reporters.JUnitReportReporter -->
<testsuite hostname="INMDCL2021002" failures="0" tests="3" name="com.tutorialsninja.qa.tester.SearchTest" time="36.921" errors="0" timestamp="2023-08-10T03:59:56 IST" skipped="0">
  <testcase classname="com.tutorialsninja.qa.tester.SearchTest" name="searchValidProduct" time="10.822"/>
  <system-out/>
  <testcase classname="com.tutorialsninja.qa.tester.SearchTest" name="searchInValidProduct" time="10.757"/>
  <system-out/>
  <testcase classname="com.tutorialsninja.qa.tester.SearchTest" name="searchNoProduct" time="15.342"/>
  <system-out/>
</testsuite> <!-- com.tutorialsninja.qa.tester.SearchTest -->
